<?xml version="1.0" encoding="UTF-8"?>
<!-- Generated by org.testng.reporters.JUnitXMLReporter -->
<testsuite ignored="0" hostname="Swapnil" failures="0" tests="3" name="Default test" time="71.429" errors="0" timestamp="2025-11-12T11:07:48 IST">
  <testcase classname="campaignTest.CreateCampaignTest" name="createCampaignWithExpectedCloseDateTest" time="4.942"/>
  <testcase classname="campaignTest.CreateCampaignTest" name="createCampaignWithMandatoryFieldsTest" time="3.33"/>
  <testcase classname="campaignTest.CreateCampaignTest" name="createCampaignWithStatusTest" time="2.635"/>
</testsuite> <!-- Default test -->
