<?xml version="1.0" encoding="UTF-8"?>
<!-- Generated by org.testng.reporters.JUnitXMLReporter -->
<testsuite ignored="4" hostname="Swapnil" failures="0" tests="4" name="Test2" time="11.649" errors="0" timestamp="2025-11-06T16:52:26 IST">
  <testcase classname="campaignTest.CreateCampaignTest" name="createCampaignWithExpectedCloseDateTest" time="0.0">
    <skipped/>
  </testcase> <!-- createCampaignWithExpectedCloseDateTest -->
  <testcase classname="campaignTest.CreateCampaignTest" name="createCampaignWithMandatoryFieldsTest" time="0.0">
    <skipped/>
  </testcase> <!-- createCampaignWithMandatoryFieldsTest -->
  <testcase classname="campaignTest.CreateCampaignTest" name="createCampaignWithStatusTest" time="0.0">
    <skipped/>
  </testcase> <!-- createCampaignWithStatusTest -->
  <testcase classname="campaignTest.CreateCampaigntest1" name="CreateCampaignWithMandetoryFields" time="0.0">
    <skipped/>
  </testcase> <!-- CreateCampaignWithMandetoryFields -->
  <testcase classname="genaricUtilities.BaseClass" name="@BeforeSuite beforeSuite" time="0.0">
    <ignored/>
  </testcase> <!-- @BeforeSuite beforeSuite -->
  <testcase classname="genaricUtilities.BaseClass" name="@AfterTest afterTest" time="0.0">
    <ignored/>
  </testcase> <!-- @AfterTest afterTest -->
  <testcase classname="genaricUtilities.BaseClass" name="@AfterSuite afterSuite" time="0.0">
    <ignored/>
  </testcase> <!-- @AfterSuite afterSuite -->
  <testcase classname="genaricUtilities.BaseClass" name="@BeforeTest beforeTest" time="0.0">
    <ignored/>
  </testcase> <!-- @BeforeTest beforeTest -->
</testsuite> <!-- Test2 -->
