<?xml version="1.0" encoding="UTF-8"?>
<!-- Generated by org.testng.reporters.JUnitXMLReporter -->
<testsuite ignored="4" hostname="Swapnil" failures="1" tests="4" name="Test" time="47.432" errors="0" timestamp="2025-11-07T17:31:43 IST">
  <testcase classname="campaignTest.CreateCampaignTest" name="createCampaignWithExpectedCloseDateTest" time="5.939"/>
  <testcase classname="campaignTest.CreateCampaignTest" name="createCampaignWithMandatoryFieldsTest" time="2.372">
    <failure type="java.lang.AssertionError" message="expected [true] but found [false]">
      <![CDATA[java.lang.AssertionError: expected [true] but found [false]
at campaignTest.CreateCampaignTest.createCampaignWithMandatoryFieldsTest(CreateCampaignTest.java:63)
at java.base/java.util.ArrayList.forEach(ArrayList.java:1596)
... Removed 29 stack frames]]>
    </failure>
  </testcase> <!-- createCampaignWithMandatoryFieldsTest -->
  <testcase classname="campaignTest.CreateCampaignTest" name="createCampaignWithStatusTest" time="3.729"/>
  <testcase classname="campaignTest.CreateCampaigntest1" name="CreateCampaignWithMandetoryFields" time="3.849"/>
  <testcase classname="genaricUtilities.BaseClass" name="@BeforeTest beforeTest" time="0.0">
    <ignored/>
  </testcase> <!-- @BeforeTest beforeTest -->
  <testcase classname="genaricUtilities.BaseClass" name="@BeforeSuite beforeSuite" time="0.0">
    <ignored/>
  </testcase> <!-- @BeforeSuite beforeSuite -->
  <testcase classname="genaricUtilities.BaseClass" name="@AfterTest afterTest" time="0.0">
    <ignored/>
  </testcase> <!-- @AfterTest afterTest -->
  <testcase classname="genaricUtilities.BaseClass" name="@AfterSuite afterSuite" time="0.0">
    <ignored/>
  </testcase> <!-- @AfterSuite afterSuite -->
</testsuite> <!-- Test -->
