<?xml version="1.0" encoding="UTF-8"?>
<testng-results ignored="0" total="3" passed="3" failed="0" skipped="0">
  <reporter-output>
  </reporter-output>
  <suite started-at="2025-11-12T11:06:37 IST" name="Default suite" finished-at="2025-11-12T11:07:48 IST" duration-ms="71429">
    <groups>
      <group name="regression">
        <method signature="CreateCampaignTest.createCampaignWithExpectedCloseDateTest()[pri:0, instance:campaignTest.CreateCampaignTest@1f2586d6]" name="createCampaignWithExpectedCloseDateTest" class="campaignTest.CreateCampaignTest"/>
        <method signature="CreateCampaignTest.createCampaignWithMandatoryFieldsTest()[pri:0, instance:campaignTest.CreateCampaignTest@1f2586d6]" name="createCampaignWithMandatoryFieldsTest" class="campaignTest.CreateCampaignTest"/>
        <method signature="CreateCampaignTest.createCampaignWithStatusTest()[pri:0, instance:campaignTest.CreateCampaignTest@1f2586d6]" name="createCampaignWithStatusTest" class="campaignTest.CreateCampaignTest"/>
      </group> <!-- regression -->
      <group name="smoke">
        <method signature="CreateCampaignTest.createCampaignWithMandatoryFieldsTest()[pri:0, instance:campaignTest.CreateCampaignTest@1f2586d6]" name="createCampaignWithMandatoryFieldsTest" class="campaignTest.CreateCampaignTest"/>
      </group> <!-- smoke -->
    </groups>
    <test started-at="2025-11-12T11:06:37 IST" name="Default test" finished-at="2025-11-12T11:07:48 IST" duration-ms="71429">
      <class name="campaignTest.CreateCampaignTest">
        <test-method is-config="true" signature="beforeSuite()[pri:0, instance:campaignTest.CreateCampaignTest@1f2586d6]" started-at="2025-11-12T11:06:37 IST" name="beforeSuite" finished-at="2025-11-12T11:06:37 IST" duration-ms="36" status="PASS">
          <reporter-output>
          </reporter-output>
        </test-method> <!-- beforeSuite -->
        <test-method is-config="true" signature="beforeTest()[pri:0, instance:campaignTest.CreateCampaignTest@1f2586d6]" started-at="2025-11-12T11:06:37 IST" name="beforeTest" finished-at="2025-11-12T11:06:37 IST" duration-ms="0" status="PASS">
          <reporter-output>
          </reporter-output>
        </test-method> <!-- beforeTest -->
        <test-method is-config="true" signature="beforeClass()[pri:0, instance:campaignTest.CreateCampaignTest@1f2586d6]" started-at="2025-11-12T11:06:37 IST" name="beforeClass" finished-at="2025-11-12T11:06:44 IST" duration-ms="6860" status="PASS">
          <reporter-output>
          </reporter-output>
        </test-method> <!-- beforeClass -->
        <test-method is-config="true" signature="beforeMethod()[pri:0, instance:campaignTest.CreateCampaignTest@1f2586d6]" started-at="2025-11-12T11:06:44 IST" name="beforeMethod" finished-at="2025-11-12T11:06:48 IST" duration-ms="3703" status="PASS">
          <reporter-output>
          </reporter-output>
        </test-method> <!-- beforeMethod -->
        <test-method signature="createCampaignWithExpectedCloseDateTest()[pri:0, instance:campaignTest.CreateCampaignTest@1f2586d6]" started-at="2025-11-12T11:06:48 IST" name="createCampaignWithExpectedCloseDateTest" finished-at="2025-11-12T11:06:52 IST" duration-ms="4942" status="PASS">
          <reporter-output>
          </reporter-output>
        </test-method> <!-- createCampaignWithExpectedCloseDateTest -->
        <test-method is-config="true" signature="afterMethod()[pri:0, instance:campaignTest.CreateCampaignTest@1f2586d6]" started-at="2025-11-12T11:06:52 IST" name="afterMethod" finished-at="2025-11-12T11:06:55 IST" duration-ms="2656" status="PASS">
          <reporter-output>
          </reporter-output>
        </test-method> <!-- afterMethod -->
        <test-method is-config="true" signature="beforeMethod()[pri:0, instance:campaignTest.CreateCampaignTest@1f2586d6]" started-at="2025-11-12T11:06:55 IST" name="beforeMethod" finished-at="2025-11-12T11:07:09 IST" duration-ms="13974" status="PASS">
          <reporter-output>
          </reporter-output>
        </test-method> <!-- beforeMethod -->
        <test-method signature="createCampaignWithMandatoryFieldsTest()[pri:0, instance:campaignTest.CreateCampaignTest@1f2586d6]" started-at="2025-11-12T11:07:09 IST" name="createCampaignWithMandatoryFieldsTest" finished-at="2025-11-12T11:07:12 IST" duration-ms="3330" status="PASS">
          <reporter-output>
          </reporter-output>
        </test-method> <!-- createCampaignWithMandatoryFieldsTest -->
        <test-method is-config="true" signature="afterMethod()[pri:0, instance:campaignTest.CreateCampaignTest@1f2586d6]" started-at="2025-11-12T11:07:12 IST" name="afterMethod" finished-at="2025-11-12T11:07:33 IST" duration-ms="20981" status="PASS">
          <reporter-output>
          </reporter-output>
        </test-method> <!-- afterMethod -->
        <test-method is-config="true" signature="beforeMethod()[pri:0, instance:campaignTest.CreateCampaignTest@1f2586d6]" started-at="2025-11-12T11:07:33 IST" name="beforeMethod" finished-at="2025-11-12T11:07:41 IST" duration-ms="7555" status="PASS">
          <reporter-output>
          </reporter-output>
        </test-method> <!-- beforeMethod -->
        <test-method signature="createCampaignWithStatusTest()[pri:0, instance:campaignTest.CreateCampaignTest@1f2586d6]" started-at="2025-11-12T11:07:41 IST" name="createCampaignWithStatusTest" finished-at="2025-11-12T11:07:44 IST" duration-ms="2635" status="PASS">
          <reporter-output>
          </reporter-output>
        </test-method> <!-- createCampaignWithStatusTest -->
        <test-method is-config="true" signature="afterMethod()[pri:0, instance:campaignTest.CreateCampaignTest@1f2586d6]" started-at="2025-11-12T11:07:44 IST" name="afterMethod" finished-at="2025-11-12T11:07:48 IST" duration-ms="4159" status="PASS">
          <reporter-output>
          </reporter-output>
        </test-method> <!-- afterMethod -->
        <test-method is-config="true" signature="afterClass()[pri:0, instance:campaignTest.CreateCampaignTest@1f2586d6]" started-at="2025-11-12T11:07:48 IST" name="afterClass" finished-at="2025-11-12T11:07:48 IST" duration-ms="497" status="PASS">
          <reporter-output>
          </reporter-output>
        </test-method> <!-- afterClass -->
        <test-method is-config="true" signature="afterTest()[pri:0, instance:campaignTest.CreateCampaignTest@1f2586d6]" started-at="2025-11-12T11:07:48 IST" name="afterTest" finished-at="2025-11-12T11:07:48 IST" duration-ms="1" status="PASS">
          <reporter-output>
          </reporter-output>
        </test-method> <!-- afterTest -->
        <test-method is-config="true" signature="afterSuite()[pri:0, instance:campaignTest.CreateCampaignTest@1f2586d6]" started-at="2025-11-12T11:07:48 IST" name="afterSuite" finished-at="2025-11-12T11:07:48 IST" duration-ms="1" status="PASS">
          <reporter-output>
          </reporter-output>
        </test-method> <!-- afterSuite -->
      </class> <!-- campaignTest.CreateCampaignTest -->
    </test> <!-- Default test -->
  </suite> <!-- Default suite -->
</testng-results>
