<?xml version="1.0" encoding="UTF-8"?>
<!-- Generated by org.testng.reporters.JUnitReportReporter -->
<testsuite hostname="Swapnil" failures="0" tests="3" name="campaignTest.CreateCampaignTest" time="63.935" errors="0" timestamp="2025-11-12T11:07:49 IST" skipped="0">
  <testcase classname="campaignTest.CreateCampaignTest" name="createCampaignWithExpectedCloseDateTest" time="23.075"/>
  <testcase classname="campaignTest.CreateCampaignTest" name="createCampaignWithStatusTest" time="27.319"/>
  <testcase classname="campaignTest.CreateCampaignTest" name="createCampaignWithMandatoryFieldsTest" time="13.541"/>
</testsuite> <!-- campaignTest.CreateCampaignTest -->
