<?xml version="1.0" encoding="UTF-8"?>
<!-- Generated by org.testng.reporters.JUnitReportReporter -->
<testsuite hostname="Swapnil" failures="0" tests="3" name="practice.Demo" time="0.027" errors="0" timestamp="2025-10-27T17:12:12 IST" skipped="0">
  <testcase classname="practice.Demo" name="UpdateProduct" time="0.003">
    <system-out>
      <![CDATA[UpdateProduct]]>
    </system-out>
  </testcase> <!-- UpdateProduct -->
  <testcase classname="practice.Demo" name="ProductCreation" time="0.020">
    <system-out>
      <![CDATA[ProductCreation]]>
    </system-out>
  </testcase> <!-- ProductCreation -->
  <testcase classname="practice.Demo" name="DeleteProduct" time="0.004">
    <system-out>
      <![CDATA[DeleteProduct]]>
    </system-out>
  </testcase> <!-- DeleteProduct -->
  <system-out>
    <![CDATA[ProductCreation
UpdateProduct
DeleteProduct]]>
  </system-out>
</testsuite> <!-- practice.Demo -->
